[debug] [2022-09-13T16:57:57.767Z] ----------------------------------------------------------------------
[debug] [2022-09-13T16:57:57.769Z] Command:       C:\Program Files\nodejs\node.exe C:\Users\JoHenrich\AppData\Roaming\npm\node_modules\firebase-tools\lib\bin\firebase.js init
[debug] [2022-09-13T16:57:57.770Z] CLI Version:   11.8.0
[debug] [2022-09-13T16:57:57.770Z] Platform:      win32
[debug] [2022-09-13T16:57:57.770Z] Node Version:  v16.15.1
[debug] [2022-09-13T16:57:57.784Z] Time:          Tue Sep 13 2022 18:57:57 GMT+0200 (Mitteleuropäische Sommerzeit)
[debug] [2022-09-13T16:57:57.784Z] ----------------------------------------------------------------------
[debug] 
[debug] [2022-09-13T16:57:57.788Z] >>> [apiv2][query] GET https://firebase-public.firebaseio.com/cli.json [none]
[debug] [2022-09-13T16:57:57.867Z] > command requires scopes: ["email","openid","https://www.googleapis.com/auth/cloudplatformprojects.readonly","https://www.googleapis.com/auth/firebase","https://www.googleapis.com/auth/cloud-platform"]
[debug] [2022-09-13T16:57:57.868Z] > authorizing via signed-in user (joh.henrich@googlemail.com)
[info] 
     ######## #### ########  ######## ########     ###     ######  ########
     ##        ##  ##     ## ##       ##     ##  ##   ##  ##       ##
     ######    ##  ########  ######   ########  #########  ######  ######
     ##        ##  ##    ##  ##       ##     ## ##     ##       ## ##
     ##       #### ##     ## ######## ########  ##     ##  ######  ########

You're about to initialize a Firebase project in this directory:

  C:\Users\JoHenrich\Desktop\beehivecard

Before we get started, keep in mind:

  * You are initializing within an existing Firebase project directory

[debug] [2022-09-13T16:57:58.306Z] <<< [apiv2][status] GET https://firebase-public.firebaseio.com/cli.json 200
[debug] [2022-09-13T16:57:58.307Z] <<< [apiv2][body] GET https://firebase-public.firebaseio.com/cli.json {"cloudBuildErrorAfter":1594252800000,"cloudBuildWarnAfter":1590019200000,"defaultNode10After":1594252800000,"minVersion":"3.0.5","node8DeploysDisabledAfter":1613390400000,"node8RuntimeDisabledAfter":1615809600000,"node8WarnAfter":1600128000000}
[debug] [2022-09-13T17:06:48.270Z] Error: kill ENOSYS
    at process.kill (node:internal/process/per_thread:220:13)
    at process.listener (C:\Users\JoHenrich\AppData\Roaming\npm\node_modules\firebase-tools\node_modules\signal-exit\index.js:95:15)
    at process.emit (node:events:527:28)
[error] 
[error] Error: An unexpected error has occurred.
